2014-nov.-09 17:07:14.985 INFO	core	Dwarf Therapist "28.0.0" starting normally. [../../Dwarf-Therapist/src/dwarftherapist.cpp:154] (setup_logging)
2014-nov.-09 17:07:15.465 INFO	core	beginning to read settings [../../Dwarf-Therapist/src/dwarftherapist.cpp:180] (read_settings)
2014-nov.-09 17:07:15.474 INFO	core	finished reading settings [../../Dwarf-Therapist/src/dwarftherapist.cpp:209] (read_settings)
2014-nov.-09 17:07:15.677 INFO	core	attempting connection to running DF game [../../Dwarf-Therapist/src/mainwindow.cpp:337] (connect_to_df)
2014-nov.-09 17:07:15.680 INFO	core	adding valid layout "v0.40.15 osx" "0x9aa7bc3c" [../../Dwarf-Therapist/src/dfinstance.cpp:93] (DFInstance)
2014-nov.-09 17:07:15.682 INFO	core	adding valid layout "v0.40.14 osx" "0x12b45892" [../../Dwarf-Therapist/src/dfinstance.cpp:93] (DFInstance)
2014-nov.-09 17:07:15.685 INFO	core	adding valid layout "v0.40.13 osx" "0xef35fbe9" [../../Dwarf-Therapist/src/dfinstance.cpp:93] (DFInstance)
2014-nov.-09 17:07:15.687 INFO	core	adding valid layout "v0.40.12 osx" "0x701549c0" [../../Dwarf-Therapist/src/dfinstance.cpp:93] (DFInstance)
2014-nov.-09 17:07:15.690 INFO	core	adding valid layout "v0.40.11 osx" "0x2e01a3fa" [../../Dwarf-Therapist/src/dfinstance.cpp:93] (DFInstance)
2014-nov.-09 17:07:15.692 INFO	core	adding valid layout "v0.40.10 osx" "0x89fa6d00" [../../Dwarf-Therapist/src/dfinstance.cpp:93] (DFInstance)
2014-nov.-09 17:07:15.695 INFO	core	adding valid layout "v0.40.09 osx" "0xa17cd1fc" [../../Dwarf-Therapist/src/dfinstance.cpp:93] (DFInstance)
2014-nov.-09 17:07:15.697 INFO	core	adding valid layout "v0.40.08 osx" "0xe0e2326f" [../../Dwarf-Therapist/src/dfinstance.cpp:93] (DFInstance)
2014-nov.-09 17:07:15.700 INFO	core	adding valid layout "v0.40.07 osx" "0x9e0e3385" [../../Dwarf-Therapist/src/dfinstance.cpp:93] (DFInstance)
2014-nov.-09 17:07:15.702 INFO	core	adding valid layout "v0.40.06 osx" "0x62455642" [../../Dwarf-Therapist/src/dfinstance.cpp:93] (DFInstance)
2014-nov.-09 17:07:15.705 INFO	core	adding valid layout "v0.40.05 osx" "0xdb0912dd" [../../Dwarf-Therapist/src/dfinstance.cpp:93] (DFInstance)
2014-nov.-09 17:07:15.707 INFO	core	adding valid layout "v0.40.04 osx" "0x06154bf5" [../../Dwarf-Therapist/src/dfinstance.cpp:93] (DFInstance)
2014-nov.-09 17:07:15.714 INFO	core	Found running copy, pid: 65551 path: "/Users/fricy/Applications/test/df_osx/./dwarfort.exe" [../../Dwarf-Therapist/src/dfinstanceosx.mm:150] (find_running_copy)
2014-nov.-09 17:07:15.832 INFO	core	DF's checksum is: "0x2e01a3fa" [../../Dwarf-Therapist/src/dfinstance.cpp:998] (get_memory_layout)
2014-nov.-09 17:07:15.833 INFO	core	Detected Dwarf Fortress version "v0.40.11 osx" using MemoryLayout from "/Users/fricy/Applications/Macnewbie_9.12/Macnewbie/LNP/utilities/DwarfTherapist/DwarfTherapist.app/Contents/MacOS/share/memory_layouts/osx/v0.40.11_osx.ini" [../../Dwarf-Therapist/src/dfinstance.cpp:1010] (get_memory_layout)
2014-nov.-09 17:07:15.833 INFO	core	Connection to DF version "v0.40.11 osx" established. [../../Dwarf-Therapist/src/mainwindow.cpp:361] (connect_to_df)
2014-nov.-09 17:07:15.840 WARNING	core	vector at "0x00048200" has over 1.000.000 entries! ( 677313536 ) [../../Dwarf-Therapist/src/dfinstance.cpp:135] (check_vector)
2014-nov.-09 17:07:15.840 ERROR	core	vector at "0x00048200" was not read due to an unacceptable size! ( 677313536 ) [../../Dwarf-Therapist/src/dfinstance.cpp:146] (check_vector)
2014-nov.-09 17:07:15.863 INFO	core	Loaded 11 views from disk [../../Dwarf-Therapist/src/viewmanager.cpp:171] (reload_views)
2014-nov.-09 17:07:15.871 INFO	core	group_by now set to 0  for view  "Labors Full" [../../Dwarf-Therapist/src/models/dwarfmodel.cpp:746] (set_group_by)
2014-nov.-09 17:07:15.882 INFO	core	group_by now set to 0  for view  "Military" [../../Dwarf-Therapist/src/models/dwarfmodel.cpp:746] (set_group_by)
2014-nov.-09 17:07:15.895 INFO	core	group_by now set to 0  for view  "Social" [../../Dwarf-Therapist/src/models/dwarfmodel.cpp:746] (set_group_by)
2014-nov.-09 17:07:15.906 INFO	core	group_by now set to 0  for view  "Attributes" [../../Dwarf-Therapist/src/models/dwarfmodel.cpp:746] (set_group_by)
2014-nov.-09 17:07:15.919 INFO	core	group_by now set to 0  for view  "Roles" [../../Dwarf-Therapist/src/models/dwarfmodel.cpp:746] (set_group_by)
2014-nov.-09 17:07:15.934 INFO	core	group_by now set to 0  for view  "Animals" [../../Dwarf-Therapist/src/models/dwarfmodel.cpp:746] (set_group_by)
2014-nov.-09 17:07:15.935 INFO	core	group_by now set to 0  for view  "Labors Full" [../../Dwarf-Therapist/src/models/dwarfmodel.cpp:746] (set_group_by)
2014-nov.-09 17:07:15.936 INFO	core	"redrew views in 70ms" [../../Dwarf-Therapist/src/viewmanager.cpp:318] (draw_views)
2014-nov.-09 17:07:15.938 WARNING	core	vector at "0x00048200" has over 1.000.000 entries! ( 677313536 ) [../../Dwarf-Therapist/src/dfinstance.cpp:135] (check_vector)
2014-nov.-09 17:07:15.938 ERROR	core	vector at "0x00048200" was not read due to an unacceptable size! ( 677313536 ) [../../Dwarf-Therapist/src/dfinstance.cpp:146] (check_vector)
2014-nov.-09 17:07:15.939 INFO	core	FOUND 0 squads [../../Dwarf-Therapist/src/dfinstance.cpp:808] (load_squads)
2014-nov.-09 17:07:15.939 INFO	core	current year: 0 [../../Dwarf-Therapist/src/dfinstance.cpp:335] (load_dwarves)
2014-nov.-09 17:07:15.940 INFO	core	no active units (embark) using full unit list [../../Dwarf-Therapist/src/dfinstance.cpp:866] (get_creatures)
2014-nov.-09 17:07:15.951 INFO	core	found 0 dwarves out of 0 creatures [../../Dwarf-Therapist/src/dfinstance.cpp:399] (load_dwarves)
2014-nov.-09 17:07:15.952 WARNING	core	lost connection to DF [../../Dwarf-Therapist/src/mainwindow.cpp:399] (lost_df_connection)
2014-nov.-09 17:07:15.999 INFO	core	group_by now set to 0  for view  "Labors Full" [../../Dwarf-Therapist/src/models/dwarfmodel.cpp:746] (set_group_by)
2014-nov.-09 17:07:16.041 INFO	core	loaded rows for "Labors Full" 41 ms [../../Dwarf-Therapist/src/models/dwarfmodel.cpp:752] (set_group_by)
2014-nov.-09 17:07:18.763 INFO	core	Beginning shutdown [../../Dwarf-Therapist/src/mainwindow.cpp:327] (closeEvent)
2014-nov.-09 17:07:18.764 INFO	core	beginning to write settings [../../Dwarf-Therapist/src/mainwindow.cpp:304] (write_settings)
2014-nov.-09 17:07:18.765 INFO	core	finished writing settings [../../Dwarf-Therapist/src/mainwindow.cpp:322] (write_settings)
2014-nov.-09 17:07:18.766 INFO	core	Closing Dwarf Therapist normally [../../Dwarf-Therapist/src/mainwindow.cpp:333] (closeEvent)
